<?xml version="1.0" encoding="UTF-8"?>
<testsuite name="org.example.springshop.SpringShopApplicationTests" tests="1" skipped="0" failures="0" errors="0" timestamp="2024-05-14T04:48:44" hostname="SEONGJIN" time="1.121">
  <properties/>
  <testcase name="contextLoads()" classname="org.example.springshop.SpringShopApplicationTests" time="1.121"/>
  <system-out><![CDATA[13:48:42.691 [Test worker] INFO org.springframework.test.context.support.AnnotationConfigContextLoaderUtils -- Could not detect default configuration classes for test class [org.example.springshop.SpringShopApplicationTests]: SpringShopApplicationTests does not declare any static, non-private, non-final, nested classes annotated with @Configuration.
13:48:42.840 [Test worker] INFO org.springframework.boot.test.context.SpringBootTestContextBootstrapper -- Found @SpringBootConfiguration org.example.springshop.SpringShopApplication for test class org.example.springshop.SpringShopApplicationTests

  .   ____          _            __ _ _
 /\\ / ___'_ __ _ _(_)_ __  __ _ \ \ \ \
( ( )\___ | '_ | '_| | '_ \/ _` | \ \ \ \
 \\/  ___)| |_)| | | | | || (_| |  ) ) ) )
  '  |____| .__|_| |_|_| |_\__, | / / / /
 =========|_|==============|___/=/_/_/_/
 :: Spring Boot ::                (v3.2.5)

2024-05-14T13:48:43.363+09:00  INFO 10112 --- [SpringShop] [    Test worker] o.e.s.SpringShopApplicationTests         : Starting SpringShopApplicationTests using Java 17.0.11 with PID 10112 (started by Gosu in C:\workspace\Spring\SpringShop)
2024-05-14T13:48:43.366+09:00  INFO 10112 --- [SpringShop] [    Test worker] o.e.s.SpringShopApplicationTests         : No active profile set, falling back to 1 default profile: "default"
2024-05-14T13:48:44.062+09:00  INFO 10112 --- [SpringShop] [    Test worker] o.e.s.SpringShopApplicationTests         : Started SpringShopApplicationTests in 1.014 seconds (process running for 2.562)
]]></system-out>
  <system-err><![CDATA[]]></system-err>
</testsuite>
