<?xml version="1.0" encoding="UTF-8"?>
<testsuite name="org.example.springshop.SpringShopApplicationTests" tests="1" skipped="0" failures="0" errors="0" timestamp="2024-05-12T06:22:50" hostname="SEONGJIN" time="1.243">
  <properties/>
  <testcase name="contextLoads()" classname="org.example.springshop.SpringShopApplicationTests" time="1.243"/>
  <system-out><![CDATA[15:22:48.928 [Test worker] INFO org.springframework.test.context.support.AnnotationConfigContextLoaderUtils -- Could not detect default configuration classes for test class [org.example.springshop.SpringShopApplicationTests]: SpringShopApplicationTests does not declare any static, non-private, non-final, nested classes annotated with @Configuration.
15:22:49.086 [Test worker] INFO org.springframework.boot.test.context.SpringBootTestContextBootstrapper -- Found @SpringBootConfiguration org.example.springshop.SpringShopApplication for test class org.example.springshop.SpringShopApplicationTests

  .   ____          _            __ _ _
 /\\ / ___'_ __ _ _(_)_ __  __ _ \ \ \ \
( ( )\___ | '_ | '_| | '_ \/ _` | \ \ \ \
 \\/  ___)| |_)| | | | | || (_| |  ) ) ) )
  '  |____| .__|_| |_|_| |_\__, | / / / /
 =========|_|==============|___/=/_/_/_/
 :: Spring Boot ::                (v3.2.5)

2024-05-12T15:22:49.650+09:00  INFO 8216 --- [SpringShop] [    Test worker] o.e.s.SpringShopApplicationTests         : Starting SpringShopApplicationTests using Java 17.0.11 with PID 8216 (started by Gosu in C:\workspace\Spring\SpringShop)
2024-05-12T15:22:49.650+09:00  INFO 8216 --- [SpringShop] [    Test worker] o.e.s.SpringShopApplicationTests         : No active profile set, falling back to 1 default profile: "default"
2024-05-12T15:22:50.395+09:00  INFO 8216 --- [SpringShop] [    Test worker] o.e.s.SpringShopApplicationTests         : Started SpringShopApplicationTests in 1.057 seconds (process running for 2.773)
]]></system-out>
  <system-err><![CDATA[]]></system-err>
</testsuite>
