<?xml version="1.0" encoding="UTF-8"?>
<testsuite name="org.example.springshop.service.MemberServiceTest" tests="1" skipped="0" failures="0" errors="0" timestamp="2024-05-14T04:48:45" hostname="SEONGJIN" time="0.003">
  <properties/>
  <testcase name="join()" classname="org.example.springshop.service.MemberServiceTest" time="0.003"/>
  <system-out><![CDATA[]]></system-out>
  <system-err><![CDATA[]]></system-err>
</testsuite>
