<?xml version="1.0" encoding="UTF-8"?>
<testsuite name="org.example.springshop.bean.ApplicationContextSameBeanFindTest" tests="3" skipped="0" failures="0" errors="0" timestamp="2024-05-14T04:48:45" hostname="SEONGJIN" time="0.04">
  <properties/>
  <testcase name="타입으로 조회시 같은 타입이 둘 이상 있으면, 중복 오류가 발생한다" classname="org.example.springshop.bean.ApplicationContextSameBeanFindTest" time="0.002"/>
  <testcase name="특정 타입을 모두 조회하기" classname="org.example.springshop.bean.ApplicationContextSameBeanFindTest" time="0.003"/>
  <testcase name="타입으로 조회시 같은 타입이 둘 이상 있으면, 빈 이름을 지정하면 된다" classname="org.example.springshop.bean.ApplicationContextSameBeanFindTest" time="0.001"/>
  <system-out><![CDATA[key = memberRepository1 value = org.example.springshop.member.MemoryMemberRepository@781aff8b
key = memberRepository2 value = org.example.springshop.member.MemoryMemberRepository@7fbf26fc
beansOfType = {memberRepository1=org.example.springshop.member.MemoryMemberRepository@781aff8b, memberRepository2=org.example.springshop.member.MemoryMemberRepository@7fbf26fc}
]]></system-out>
  <system-err><![CDATA[]]></system-err>
</testsuite>
