<?xml version="1.0" encoding="UTF-8"?>
<testsuite name="org.example.springshop.OrderServiceTest" tests="1" skipped="0" failures="0" errors="0" timestamp="2024-05-09T04:02:57" hostname="SEONGJIN" time="0.097">
  <properties/>
  <testcase name="createOrder()" classname="org.example.springshop.OrderServiceTest" time="0.097"/>
  <system-out><![CDATA[]]></system-out>
  <system-err><![CDATA[]]></system-err>
</testsuite>
