<?xml version="1.0" encoding="UTF-8"?>
<testsuite name="org.example.springshop.bean.ApplicationContextInfoTest" tests="2" skipped="0" failures="0" errors="0" timestamp="2024-05-12T06:22:51" hostname="SEONGJIN" time="0.019">
  <properties/>
  <testcase name="애플리케이션 빈 출력하기" classname="org.example.springshop.bean.ApplicationContextInfoTest" time="0.003"/>
  <testcase name="모든 빈 출력하기" classname="org.example.springshop.bean.ApplicationContextInfoTest" time="0.004"/>
  <system-out><![CDATA[name = appConfig object =org.example.springshop.config.AppConfig$$SpringCGLIB$$0@3d3a1903
name = memberService object =org.example.springshop.member.MemberServiceImpl@26582ca
name = orderService object =org.example.springshop.discount.OrderServiceImpl@153cb763
name = memberRepository object =org.example.springshop.member.MemoryMemberRepository@2c3158e0
name = discountPolicy object =org.example.springshop.discount.FixDiscountPolicy@412ebe64
name = org.springframework.context.annotation.internalConfigurationAnnotationProcessor object = org.springframework.context.annotation.ConfigurationClassPostProcessor@46a795de
name = org.springframework.context.annotation.internalAutowiredAnnotationProcessor object = org.springframework.beans.factory.annotation.AutowiredAnnotationBeanPostProcessor@256a0d95
name = org.springframework.context.annotation.internalCommonAnnotationProcessor object = org.springframework.context.annotation.CommonAnnotationBeanPostProcessor@2f3928ac
name = org.springframework.context.event.internalEventListenerProcessor object = org.springframework.context.event.EventListenerMethodProcessor@4bf03fee
name = org.springframework.context.event.internalEventListenerFactory object = org.springframework.context.event.DefaultEventListenerFactory@31834a2b
name = appConfig object = org.example.springshop.config.AppConfig$$SpringCGLIB$$0@44f0ff2b
name = memberService object = org.example.springshop.member.MemberServiceImpl@22ead351
name = orderService object = org.example.springshop.discount.OrderServiceImpl@68af87ad
name = memberRepository object = org.example.springshop.member.MemoryMemberRepository@43d65a81
name = discountPolicy object = org.example.springshop.discount.FixDiscountPolicy@9cfc77
]]></system-out>
  <system-err><![CDATA[]]></system-err>
</testsuite>
