<?xml version="1.0" encoding="UTF-8"?>
<testsuite name="org.example.springshop.bean.ApplicationContextInfoTest" tests="2" skipped="0" failures="0" errors="0" timestamp="2024-05-14T04:48:45" hostname="SEONGJIN" time="0.019">
  <properties/>
  <testcase name="애플리케이션 빈 출력하기" classname="org.example.springshop.bean.ApplicationContextInfoTest" time="0.002"/>
  <testcase name="모든 빈 출력하기" classname="org.example.springshop.bean.ApplicationContextInfoTest" time="0.003"/>
  <system-out><![CDATA[name = appConfig object =org.example.springshop.config.AppConfig$$SpringCGLIB$$0@76a7fcbd
name = memberService object =org.example.springshop.member.MemberServiceImpl@433ea2ac
name = orderService object =org.example.springshop.order.OrderServiceImpl@7f977fba
name = memberRepository object =org.example.springshop.member.MemoryMemberRepository@446e7065
name = discountPolicy object =org.example.springshop.discount.FixDiscountPolicy@d653e41
name = org.springframework.context.annotation.internalConfigurationAnnotationProcessor object = org.springframework.context.annotation.ConfigurationClassPostProcessor@2ee39e73
name = org.springframework.context.annotation.internalAutowiredAnnotationProcessor object = org.springframework.beans.factory.annotation.AutowiredAnnotationBeanPostProcessor@76973a6
name = org.springframework.context.annotation.internalCommonAnnotationProcessor object = org.springframework.context.annotation.CommonAnnotationBeanPostProcessor@71a4f441
name = org.springframework.context.event.internalEventListenerProcessor object = org.springframework.context.event.EventListenerMethodProcessor@24876a7e
name = org.springframework.context.event.internalEventListenerFactory object = org.springframework.context.event.DefaultEventListenerFactory@1625789b
name = appConfig object = org.example.springshop.config.AppConfig$$SpringCGLIB$$0@5a1dddba
name = memberService object = org.example.springshop.member.MemberServiceImpl@c4d2c44
name = orderService object = org.example.springshop.order.OrderServiceImpl@13866329
name = memberRepository object = org.example.springshop.member.MemoryMemberRepository@2eda2062
name = discountPolicy object = org.example.springshop.discount.FixDiscountPolicy@1a9ec80e
]]></system-out>
  <system-err><![CDATA[]]></system-err>
</testsuite>
