<?xml version="1.0" encoding="UTF-8"?>
<testsuite name="org.example.springshop.service.OrderServiceTest" tests="1" skipped="0" failures="0" errors="0" timestamp="2024-05-12T06:22:52" hostname="SEONGJIN" time="0.001">
  <properties/>
  <testcase name="createOrder()" classname="org.example.springshop.service.OrderServiceTest" time="0.001"/>
  <system-out><![CDATA[]]></system-out>
  <system-err><![CDATA[]]></system-err>
</testsuite>
