<?xml version="1.0" encoding="UTF-8"?>
<testsuite name="org.example.springshop.singleton.SingletonTest" tests="3" skipped="0" failures="0" errors="0" timestamp="2024-05-12T06:22:52" hostname="SEONGJIN" time="0.022">
  <properties/>
  <testcase name="스프링 없는 순수한 DI 컨테이너" classname="org.example.springshop.singleton.SingletonTest" time="0.003"/>
  <testcase name="싱글톤 패턴을 적용한 객체 사용" classname="org.example.springshop.singleton.SingletonTest" time="0.003"/>
  <testcase name="스프링 컨테이너 내의 싱글톤 객체 조회" classname="org.example.springshop.singleton.SingletonTest" time="0.014"/>
  <system-out><![CDATA[memberService1 = org.example.springshop.member.MemberServiceImpl@14b31e37
memberService2 = org.example.springshop.member.MemberServiceImpl@1142d377
singletonService1 = org.example.springshop.singleton.SingletonService@5c48b72c
singletonService2 = org.example.springshop.singleton.SingletonService@5c48b72c
싱글톤 객체 로직 호출
memberService1 = org.example.springshop.member.MemberServiceImpl@48cb2d73
memberService2 = org.example.springshop.member.MemberServiceImpl@48cb2d73
]]></system-out>
  <system-err><![CDATA[]]></system-err>
</testsuite>
