<?xml version="1.0" encoding="UTF-8"?>
<testsuite name="org.example.springshop.singleton.SingletonTest" tests="3" skipped="0" failures="0" errors="0" timestamp="2024-05-14T04:48:45" hostname="SEONGJIN" time="0.028">
  <properties/>
  <testcase name="스프링 없는 순수한 DI 컨테이너" classname="org.example.springshop.singleton.SingletonTest" time="0.002"/>
  <testcase name="싱글톤 패턴을 적용한 객체 사용" classname="org.example.springshop.singleton.SingletonTest" time="0.004"/>
  <testcase name="스프링 컨테이너 내의 싱글톤 객체 조회" classname="org.example.springshop.singleton.SingletonTest" time="0.019"/>
  <system-out><![CDATA[memberService1 = org.example.springshop.member.MemberServiceImpl@790d8fdd
memberService2 = org.example.springshop.member.MemberServiceImpl@6403a4a5
singletonService1 = org.example.springshop.singleton.SingletonService@3dbd7107
singletonService2 = org.example.springshop.singleton.SingletonService@3dbd7107
싱글톤 객체 로직 호출
memberService1 = org.example.springshop.member.MemberServiceImpl@a90e2c1
memberService2 = org.example.springshop.member.MemberServiceImpl@a90e2c1
]]></system-out>
  <system-err><![CDATA[]]></system-err>
</testsuite>
