<?xml version="1.0" encoding="UTF-8"?>
<testsuite name="org.example.springshop.service.MemberServiceTest" tests="1" skipped="0" failures="0" errors="0" timestamp="2024-05-12T06:22:51" hostname="SEONGJIN" time="0.004">
  <properties/>
  <testcase name="join()" classname="org.example.springshop.service.MemberServiceTest" time="0.004"/>
  <system-out><![CDATA[]]></system-out>
  <system-err><![CDATA[]]></system-err>
</testsuite>
