<?xml version="1.0" encoding="UTF-8"?>
<testsuite name="org.example.springshop.bean.ApplicationContextBasicFindTest" tests="4" skipped="0" failures="0" errors="0" timestamp="2024-05-10T02:09:22" hostname="SEONGJIN" time="0.455">
  <properties/>
  <testcase name="구체 타입으로 조회" classname="org.example.springshop.bean.ApplicationContextBasicFindTest" time="0.291"/>
  <testcase name="빈 이름으로 조회X" classname="org.example.springshop.bean.ApplicationContextBasicFindTest" time="0.017"/>
  <testcase name="빈 이름으로 조회" classname="org.example.springshop.bean.ApplicationContextBasicFindTest" time="0.003"/>
  <testcase name="이름 없이 타입만으로 조회" classname="org.example.springshop.bean.ApplicationContextBasicFindTest" time="0.013"/>
  <system-out><![CDATA[]]></system-out>
  <system-err><![CDATA[]]></system-err>
</testsuite>
